<?xml version="1.0" encoding="UTF-8"?>
<Site BuildName="Linux-g++"
	BuildStamp="20240111-1326-Experimental"
	Name="DESKTOP-J8I2Q5C"
	Generator="ctest-3.22.1"
	CompilerName="/usr/bin/g++"
	CompilerVersion="11.4.0"
	OSName="Linux"
	Hostname="DESKTOP-J8I2Q5C"
	OSRelease="5.15.133.1-microsoft-standard-WSL2"
	OSVersion="#1 SMP Thu Oct 5 21:02:42 UTC 2023"
	OSPlatform="x86_64"
	Is64Bits="1"
	VendorString="GenuineIntel"
	VendorID="Intel Corporation"
	FamilyID="6"
	ModelID="61"
	ProcessorCacheSize="3072"
	NumberOfLogicalCPU="4"
	NumberOfPhysicalCPU="2"
	TotalVirtualMemory="1024"
	TotalPhysicalMemory="3858"
	LogicalProcessorsPerPhysical="2"
	ProcessorClockFrequency="2294.69"
	>
	<Testing>
		<StartDateTime>Jan 11 19:57 CET</StartDateTime>
		<StartTestTime>1704999469</StartTestTime>
		<TestList/>
		<EndDateTime>Jan 11 19:57 CET</EndDateTime>
		<EndTestTime>1704999469</EndTestTime>
		<ElapsedMinutes>0</ElapsedMinutes>
	</Testing>
</Site>
